<?xml version="1.0" encoding="UTF-8"?>
<testng-results skipped="0" failed="0" ignored="0" total="3" passed="3">
  <reporter-output>
  </reporter-output>
  <suite name="Default suite" duration-ms="30052" started-at="2020-03-03T09:47:02Z" finished-at="2020-03-03T09:47:32Z">
    <groups>
    </groups>
    <test name="Default test" duration-ms="30052" started-at="2020-03-03T09:47:02Z" finished-at="2020-03-03T09:47:32Z">
      <class name="Data">
        <test-method status="PASS" signature="beforeMethod()[pri:0, instance:Data@3d0f8e03]" name="beforeMethod" is-config="true" duration-ms="7839" started-at="2020-03-03T09:47:02Z" finished-at="2020-03-03T09:47:09Z">
          <reporter-output>
          </reporter-output>
        </test-method> <!-- beforeMethod -->
        <test-method status="PASS" signature="login(java.lang.String, java.lang.String)[pri:0, instance:Data@3d0f8e03]" name="login" duration-ms="2475" started-at="2020-03-03T09:47:09Z" data-provider="Testdata" finished-at="2020-03-03T09:47:12Z">
          <params>
            <param index="0">
              <value>
                <![CDATA[user1]]>
              </value>
            </param>
            <param index="1">
              <value>
                <![CDATA[password1]]>
              </value>
            </param>
          </params>
          <reporter-output>
          </reporter-output>
        </test-method> <!-- login -->
        <test-method status="PASS" signature="beforeMethod()[pri:0, instance:Data@3d0f8e03]" name="beforeMethod" is-config="true" duration-ms="6033" started-at="2020-03-03T09:47:12Z" finished-at="2020-03-03T09:47:18Z">
          <reporter-output>
          </reporter-output>
        </test-method> <!-- beforeMethod -->
        <test-method status="PASS" signature="login(java.lang.String, java.lang.String)[pri:0, instance:Data@3d0f8e03]" name="login" duration-ms="3662" started-at="2020-03-03T09:47:18Z" data-provider="Testdata" finished-at="2020-03-03T09:47:22Z">
          <params>
            <param index="0">
              <value>
                <![CDATA[user2]]>
              </value>
            </param>
            <param index="1">
              <value>
                <![CDATA[password2]]>
              </value>
            </param>
          </params>
          <reporter-output>
          </reporter-output>
        </test-method> <!-- login -->
        <test-method status="PASS" signature="beforeMethod()[pri:0, instance:Data@3d0f8e03]" name="beforeMethod" is-config="true" duration-ms="7361" started-at="2020-03-03T09:47:22Z" finished-at="2020-03-03T09:47:29Z">
          <reporter-output>
          </reporter-output>
        </test-method> <!-- beforeMethod -->
        <test-method status="PASS" signature="login(java.lang.String, java.lang.String)[pri:0, instance:Data@3d0f8e03]" name="login" duration-ms="2620" started-at="2020-03-03T09:47:29Z" data-provider="Testdata" finished-at="2020-03-03T09:47:32Z">
          <params>
            <param index="0">
              <value>
                <![CDATA[user3]]>
              </value>
            </param>
            <param index="1">
              <value>
                <![CDATA[password3]]>
              </value>
            </param>
          </params>
          <reporter-output>
          </reporter-output>
        </test-method> <!-- login -->
      </class> <!-- Data -->
    </test> <!-- Default test -->
  </suite> <!-- Default suite -->
</testng-results>
