<?xml version="1.0" encoding="UTF-8"?>
<testng-results ignored="0" total="1" passed="1" failed="0" skipped="0">
  <reporter-output>
  </reporter-output>
  <suite started-at="2020-03-11T20:38:26 IST" name="Default suite" finished-at="2020-03-11T20:39:28 IST" duration-ms="61825">
    <groups>
    </groups>
    <test started-at="2020-03-11T20:38:26 IST" name="Default test" finished-at="2020-03-11T20:39:28 IST" duration-ms="61825">
      <class name="com.testcase.offer_testcase">
        <test-method is-config="true" signature="before()[pri:0, instance:com.testcase.offer_testcase@7995092a]" started-at="2020-03-11T20:38:26 IST" name="before" finished-at="2020-03-11T20:39:08 IST" duration-ms="41515" status="PASS">
          <reporter-output>
          </reporter-output>
        </test-method> <!-- before -->
        <test-method signature="home()[pri:0, instance:com.testcase.offer_testcase@7995092a]" started-at="2020-03-11T20:39:08 IST" name="home" finished-at="2020-03-11T20:39:28 IST" duration-ms="20142" status="PASS">
          <reporter-output>
          </reporter-output>
        </test-method> <!-- home -->
        <test-method is-config="true" signature="after()[pri:0, instance:com.testcase.offer_testcase@7995092a]" started-at="2020-03-11T20:39:28 IST" name="after" finished-at="2020-03-11T20:39:28 IST" duration-ms="124" status="PASS">
          <reporter-output>
          </reporter-output>
        </test-method> <!-- after -->
      </class> <!-- com.testcase.offer_testcase -->
    </test> <!-- Default test -->
  </suite> <!-- Default suite -->
</testng-results>
