<?xml version="1.0" encoding="UTF-8"?>
<!-- Generated by org.testng.reporters.JUnitXMLReporter -->
<testsuite hostname="BLT1227" ignored="2" name="Test" tests="1" failures="0" timestamp="17 Feb 2020 10:48:43 GMT" time="0.078" errors="0">
  <testcase name="testcase1" time="0.016" classname="TestngDemo.DependsonGroup"/>
  <testcase name="testcase2" time="0.0" classname="TestngDemo.DependsonGroup">
    <ignored/>
  </testcase> <!-- testcase2 -->
  <testcase name="testcase3" time="0.0" classname="TestngDemo.DependsonGroup">
    <ignored/>
  </testcase> <!-- testcase3 -->
</testsuite> <!-- Test -->
