<?xml version="1.0" encoding="UTF-8"?>
<testng-results skipped="0" failed="0" ignored="0" total="1" passed="1">
  <reporter-output>
  </reporter-output>
  <suite name="Default suite" duration-ms="12862" started-at="2020-02-19T08:14:54Z" finished-at="2020-02-19T08:15:07Z">
    <groups>
    </groups>
    <test name="Default test" duration-ms="12862" started-at="2020-02-19T08:14:54Z" finished-at="2020-02-19T08:15:07Z">
      <class name="TestCase.LoginPageTestCase">
        <test-method status="PASS" signature="StartUp()[pri:0, instance:TestCase.LoginPageTestCase@6fb0d3ed]" name="StartUp" is-config="true" duration-ms="7992" started-at="2020-02-19T08:14:54Z" finished-at="2020-02-19T08:15:02Z">
          <reporter-output>
          </reporter-output>
        </test-method> <!-- StartUp -->
        <test-method status="PASS" signature="Login()[pri:0, instance:TestCase.LoginPageTestCase@6fb0d3ed]" name="Login" duration-ms="2527" started-at="2020-02-19T08:15:02Z" finished-at="2020-02-19T08:15:05Z">
          <reporter-output>
          </reporter-output>
        </test-method> <!-- Login -->
        <test-method status="PASS" signature="Close()[pri:0, instance:TestCase.LoginPageTestCase@6fb0d3ed]" name="Close" is-config="true" duration-ms="2307" started-at="2020-02-19T08:15:05Z" finished-at="2020-02-19T08:15:07Z">
          <reporter-output>
          </reporter-output>
        </test-method> <!-- Close -->
      </class> <!-- TestCase.LoginPageTestCase -->
    </test> <!-- Default test -->
  </suite> <!-- Default suite -->
</testng-results>
