<?xml version="1.0" encoding="UTF-8"?>
<testng-results skipped="0" failed="0" ignored="0" total="1" passed="1">
  <reporter-output>
  </reporter-output>
  <suite name="Default suite" duration-ms="45491" started-at="2020-03-12T12:32:28 IST" finished-at="2020-03-12T12:33:14 IST">
    <groups>
    </groups>
    <test name="Default test" duration-ms="45491" started-at="2020-03-12T12:32:28 IST" finished-at="2020-03-12T12:33:14 IST">
      <class name="com.testcases.home_testcase">
        <test-method status="PASS" signature="before()[pri:0, instance:com.testcases.home_testcase@49fc609f]" name="before" is-config="true" duration-ms="13662" started-at="2020-03-12T12:32:28 IST" finished-at="2020-03-12T12:32:42 IST">
          <reporter-output>
          </reporter-output>
        </test-method> <!-- before -->
        <test-method status="PASS" signature="testcase()[pri:0, instance:com.testcases.home_testcase@49fc609f]" name="testcase" duration-ms="29212" started-at="2020-03-12T12:32:42 IST" finished-at="2020-03-12T12:33:11 IST">
          <reporter-output>
          </reporter-output>
        </test-method> <!-- testcase -->
        <test-method status="PASS" signature="after()[pri:0, instance:com.testcases.home_testcase@49fc609f]" name="after" is-config="true" duration-ms="2538" started-at="2020-03-12T12:33:11 IST" finished-at="2020-03-12T12:33:14 IST">
          <reporter-output>
          </reporter-output>
        </test-method> <!-- after -->
      </class> <!-- com.testcases.home_testcase -->
    </test> <!-- Default test -->
  </suite> <!-- Default suite -->
</testng-results>
